This file contains any messages produced by compilers while
running configure, to aid debugging if configure makes a mistake.

It was created by rtunnel-client configure 1.0, which was
generated by GNU Autoconf 2.69.  Invocation command line was

  $ ./configure 

## --------- ##
## Platform. ##
## --------- ##

hostname = Jeremy-MacBook-Pro.local
uname -m = x86_64
uname -r = 12.4.0
uname -s = Darwin
uname -v = Darwin Kernel Version 12.4.0: Wed May  1 17:57:12 PDT 2013; root:xnu-2050.24.15~1/RELEASE_X86_64

/usr/bin/uname -p = i386
/bin/uname -X     = unknown

/bin/arch              = unknown
/usr/bin/arch -k       = unknown
/usr/convex/getsysinfo = unknown
/usr/bin/hostinfo      = Mach kernel version:
	 Darwin Kernel Version 12.4.0: Wed May  1 17:57:12 PDT 2013; root:xnu-2050.24.15~1/RELEASE_X86_64
Kernel configured for up to 4 processors.
2 processors are physically available.
4 processors are logically available.
Processor type: i486 (Intel 80486)
Processors active: 0 1 2 3
Primary memory available: 8.00 gigabytes
Default processor set: 138 tasks, 779 threads, 4 processors
Load average: 1.70, Mach factor: 2.29
/bin/machine           = unknown
/usr/bin/oslevel       = unknown
/bin/universe          = unknown

PATH: /usr/local/bin
PATH: /usr/bin
PATH: /bin
PATH: /usr/sbin
PATH: /sbin
PATH: /usr/local/bin
PATH: /opt/X11/bin
PATH: /usr/local/git/bin
PATH: /usr/local/sbin
PATH: /Users/jeremy/bin
PATH: /opt/local/bin
PATH: /usr/local/share/npm/bin
PATH: /usr/local/xuggler/bin


## ----------- ##
## Core tests. ##
## ----------- ##

configure:1836: checking build system type
configure:1850: result: x86_64-apple-darwin12.4.0
configure:1870: checking host system type
configure:1883: result: x86_64-apple-darwin12.4.0
configure:1903: checking target system type
configure:1916: result: x86_64-apple-darwin12.4.0
configure:1959: checking for a BSD-compatible install
configure:2027: result: /usr/bin/install -c
configure:2038: checking whether build environment is sane
configure:2093: result: yes
configure:2244: checking for a thread-safe mkdir -p
configure:2283: result: ./install-sh -c -d
configure:2290: checking for gawk
configure:2306: found /usr/local/bin/gawk
configure:2317: result: gawk
configure:2328: checking whether make sets $(MAKE)
configure:2350: result: yes
configure:2379: checking whether make supports nested variables
configure:2396: result: yes
configure:2534: checking for g++
configure:2550: found /usr/bin/g++
configure:2561: result: g++
configure:2588: checking for C++ compiler version
configure:2597: g++ --version >&5
i686-apple-darwin11-llvm-g++-4.2 (GCC) 4.2.1 (Based on Apple Inc. build 5658) (LLVM build 2336.11.00)
Copyright (C) 2007 Free Software Foundation, Inc.
This is free software; see the source for copying conditions.  There is NO
warranty; not even for MERCHANTABILITY or FITNESS FOR A PARTICULAR PURPOSE.

configure:2608: $? = 0
configure:2597: g++ -v >&5
Using built-in specs.
Target: i686-apple-darwin11
Configured with: /private/var/tmp/llvmgcc42/llvmgcc42-2336.11~182/src/configure --disable-checking --enable-werror --prefix=/Applications/Xcode.app/Contents/Developer/usr/llvm-gcc-4.2 --mandir=/share/man --enable-languages=c,objc,c++,obj-c++ --program-prefix=llvm- --program-transform-name=/^[cg][^.-]*$/s/$/-4.2/ --with-slibdir=/usr/lib --build=i686-apple-darwin11 --enable-llvm=/private/var/tmp/llvmgcc42/llvmgcc42-2336.11~182/dst-llvmCore/Developer/usr/local --program-prefix=i686-apple-darwin11- --host=x86_64-apple-darwin11 --target=i686-apple-darwin11 --with-gxx-include-dir=/usr/include/c++/4.2.1
Thread model: posix
gcc version 4.2.1 (Based on Apple Inc. build 5658) (LLVM build 2336.11.00)
configure:2608: $? = 0
configure:2597: g++ -V >&5
llvm-g++-4.2: argument to `-V' is missing
configure:2608: $? = 1
configure:2597: g++ -qversion >&5
i686-apple-darwin11-llvm-g++-4.2: no input files
configure:2608: $? = 1
configure:2628: checking whether the C++ compiler works
configure:2650: g++    conftest.cpp  >&5
configure:2654: $? = 0
configure:2702: result: yes
configure:2705: checking for C++ compiler default output file name
configure:2707: result: a.out
configure:2713: checking for suffix of executables
configure:2720: g++ -o conftest    conftest.cpp  >&5
configure:2724: $? = 0
configure:2746: result: 
configure:2768: checking whether we are cross compiling
configure:2776: g++ -o conftest    conftest.cpp  >&5
configure:2780: $? = 0
configure:2787: ./conftest
configure:2791: $? = 0
configure:2806: result: no
configure:2811: checking for suffix of object files
configure:2833: g++ -c   conftest.cpp >&5
configure:2837: $? = 0
configure:2858: result: o
configure:2862: checking whether we are using the GNU C++ compiler
configure:2881: g++ -c   conftest.cpp >&5
configure:2881: $? = 0
configure:2890: result: yes
configure:2899: checking whether g++ accepts -g
configure:2919: g++ -c -g  conftest.cpp >&5
configure:2919: $? = 0
configure:2960: result: yes
configure:2994: checking for style of include used by make
configure:3022: result: GNU
configure:3048: checking dependency style of g++
configure:3159: result: gcc3
configure:3322: checking that generated files are newer than configure
configure:3328: result: done
configure:3351: creating ./config.status

## ---------------------- ##
## Running config.status. ##
## ---------------------- ##

This file was extended by rtunnel-client config.status 1.0, which was
generated by GNU Autoconf 2.69.  Invocation command line was

  CONFIG_FILES    = 
  CONFIG_HEADERS  = 
  CONFIG_LINKS    = 
  CONFIG_COMMANDS = 
  $ ./config.status 

on Jeremy-MacBook-Pro.local

config.status:785: creating Makefile
config.status:785: creating src/Makefile
config.status:957: executing depfiles commands

## ---------------- ##
## Cache variables. ##
## ---------------- ##

ac_cv_build=x86_64-apple-darwin12.4.0
ac_cv_cxx_compiler_gnu=yes
ac_cv_env_CCC_set=
ac_cv_env_CCC_value=
ac_cv_env_CPPFLAGS_set=
ac_cv_env_CPPFLAGS_value=
ac_cv_env_CXXFLAGS_set=
ac_cv_env_CXXFLAGS_value=
ac_cv_env_CXX_set=
ac_cv_env_CXX_value=
ac_cv_env_LDFLAGS_set=
ac_cv_env_LDFLAGS_value=
ac_cv_env_LIBS_set=
ac_cv_env_LIBS_value=
ac_cv_env_build_alias_set=
ac_cv_env_build_alias_value=
ac_cv_env_host_alias_set=
ac_cv_env_host_alias_value=
ac_cv_env_target_alias_set=
ac_cv_env_target_alias_value=
ac_cv_host=x86_64-apple-darwin12.4.0
ac_cv_objext=o
ac_cv_path_install='/usr/bin/install -c'
ac_cv_prog_AWK=gawk
ac_cv_prog_ac_ct_CXX=g++
ac_cv_prog_cxx_g=yes
ac_cv_prog_make_make_set=yes
ac_cv_target=x86_64-apple-darwin12.4.0
am_cv_CXX_dependencies_compiler_type=gcc3
am_cv_make_support_nested_variables=yes

## ----------------- ##
## Output variables. ##
## ----------------- ##

ACLOCAL='${SHELL} /Users/jeremy/dev/workspace_cpp/rtunnel-client/missing aclocal-1.13'
AMDEPBACKSLASH='\'
AMDEP_FALSE='#'
AMDEP_TRUE=''
AMTAR='$${TAR-tar}'
AM_BACKSLASH='\'
AM_DEFAULT_V='$(AM_DEFAULT_VERBOSITY)'
AM_DEFAULT_VERBOSITY='1'
AM_V='$(V)'
AUTOCONF='${SHELL} /Users/jeremy/dev/workspace_cpp/rtunnel-client/missing autoconf'
AUTOHEADER='${SHELL} /Users/jeremy/dev/workspace_cpp/rtunnel-client/missing autoheader'
AUTOMAKE='${SHELL} /Users/jeremy/dev/workspace_cpp/rtunnel-client/missing automake-1.13'
AWK='gawk'
CPPFLAGS=''
CXX='g++'
CXXDEPMODE='depmode=gcc3'
CXXFLAGS='-g -O2'
CYGPATH_W='echo'
DEFS='-DPACKAGE_NAME=\"rtunnel-client\" -DPACKAGE_TARNAME=\"rtunnel-client\" -DPACKAGE_VERSION=\"1.0\" -DPACKAGE_STRING=\"rtunnel-client\ 1.0\" -DPACKAGE_BUGREPORT=\"\" -DPACKAGE_URL=\"\" -DPACKAGE=\"rtunnel-client\" -DVERSION=\"1.0\"'
DEPDIR='.deps'
ECHO_C='\c'
ECHO_N=''
ECHO_T=''
EXEEXT=''
INSTALL_DATA='${INSTALL} -m 644'
INSTALL_PROGRAM='${INSTALL}'
INSTALL_SCRIPT='${INSTALL}'
INSTALL_STRIP_PROGRAM='$(install_sh) -c -s'
LDFLAGS=''
LIBOBJS=''
LIBS=''
LTLIBOBJS=''
MAKEINFO='${SHELL} /Users/jeremy/dev/workspace_cpp/rtunnel-client/missing makeinfo'
MKDIR_P='./install-sh -c -d'
OBJEXT='o'
PACKAGE='rtunnel-client'
PACKAGE_BUGREPORT=''
PACKAGE_NAME='rtunnel-client'
PACKAGE_STRING='rtunnel-client 1.0'
PACKAGE_TARNAME='rtunnel-client'
PACKAGE_URL=''
PACKAGE_VERSION='1.0'
PATH_SEPARATOR=':'
SET_MAKE=''
SHELL='/bin/sh'
STRIP=''
VERSION='1.0'
ac_ct_CXX='g++'
am__EXEEXT_FALSE=''
am__EXEEXT_TRUE='#'
am__fastdepCXX_FALSE='#'
am__fastdepCXX_TRUE=''
am__include='include'
am__isrc=''
am__leading_dot='.'
am__nodep='_no'
am__quote=''
am__tar='$${TAR-tar} chof - "$$tardir"'
am__untar='$${TAR-tar} xf -'
bindir='${exec_prefix}/bin'
build='x86_64-apple-darwin12.4.0'
build_alias=''
build_cpu='x86_64'
build_os='darwin12.4.0'
build_vendor='apple'
datadir='${datarootdir}'
datarootdir='${prefix}/share'
docdir='${datarootdir}/doc/${PACKAGE_TARNAME}'
dvidir='${docdir}'
exec_prefix='${prefix}'
host='x86_64-apple-darwin12.4.0'
host_alias=''
host_cpu='x86_64'
host_os='darwin12.4.0'
host_vendor='apple'
htmldir='${docdir}'
includedir='${prefix}/include'
infodir='${datarootdir}/info'
install_sh='${SHELL} /Users/jeremy/dev/workspace_cpp/rtunnel-client/install-sh'
libdir='${exec_prefix}/lib'
libexecdir='${exec_prefix}/libexec'
localedir='${datarootdir}/locale'
localstatedir='${prefix}/var'
mandir='${datarootdir}/man'
mkdir_p='$(MKDIR_P)'
oldincludedir='/usr/include'
pdfdir='${docdir}'
prefix='/usr/local'
program_transform_name='s,x,x,'
psdir='${docdir}'
sbindir='${exec_prefix}/sbin'
sharedstatedir='${prefix}/com'
sysconfdir='${prefix}/etc'
target='x86_64-apple-darwin12.4.0'
target_alias=''
target_cpu='x86_64'
target_os='darwin12.4.0'
target_vendor='apple'

## ----------- ##
## confdefs.h. ##
## ----------- ##

/* confdefs.h */
#define PACKAGE_NAME "rtunnel-client"
#define PACKAGE_TARNAME "rtunnel-client"
#define PACKAGE_VERSION "1.0"
#define PACKAGE_STRING "rtunnel-client 1.0"
#define PACKAGE_BUGREPORT ""
#define PACKAGE_URL ""
#define PACKAGE "rtunnel-client"
#define VERSION "1.0"

configure: exit 0

## ---------------------- ##
## Running config.status. ##
## ---------------------- ##

This file was extended by rtunnel-client config.status 1.0, which was
generated by GNU Autoconf 2.69.  Invocation command line was

  CONFIG_FILES    = 
  CONFIG_HEADERS  = 
  CONFIG_LINKS    = 
  CONFIG_COMMANDS = 
  $ ./config.status Makefile

on Jeremy-MacBook-Pro.local

config.status:785: creating Makefile
config.status:937: error: could not create Makefile

## ---------------------- ##
## Running config.status. ##
## ---------------------- ##

This file was extended by rtunnel-client config.status 1.0, which was
generated by GNU Autoconf 2.69.  Invocation command line was

  CONFIG_FILES    = 
  CONFIG_HEADERS  = 
  CONFIG_LINKS    = 
  CONFIG_COMMANDS = 
  $ ./config.status Makefile

on Jeremy-MacBook-Pro.local

config.status:785: creating Makefile

## ---------------------- ##
## Running config.status. ##
## ---------------------- ##

This file was extended by rtunnel-client config.status 1.0, which was
generated by GNU Autoconf 2.69.  Invocation command line was

  CONFIG_FILES    = 
  CONFIG_HEADERS  = 
  CONFIG_LINKS    = 
  CONFIG_COMMANDS = 
  $ ./config.status src/Makefile depfiles

on Jeremy-MacBook-Pro.local

config.status:785: creating src/Makefile
config.status:957: executing depfiles commands

## ---------------------- ##
## Running config.status. ##
## ---------------------- ##

This file was extended by rtunnel-client config.status 1.0, which was
generated by GNU Autoconf 2.69.  Invocation command line was

  CONFIG_FILES    = 
  CONFIG_HEADERS  = 
  CONFIG_LINKS    = 
  CONFIG_COMMANDS = 
  $ ./config.status Makefile

on Jeremy-MacBook-Pro.local

config.status:785: creating Makefile

## ---------------------- ##
## Running config.status. ##
## ---------------------- ##

This file was extended by rtunnel-client config.status 1.0, which was
generated by GNU Autoconf 2.69.  Invocation command line was

  CONFIG_FILES    = 
  CONFIG_HEADERS  = 
  CONFIG_LINKS    = 
  CONFIG_COMMANDS = 
  $ ./config.status src/Makefile depfiles

on Jeremy-MacBook-Pro.local

config.status:785: creating src/Makefile
config.status:957: executing depfiles commands

## ---------------------- ##
## Running config.status. ##
## ---------------------- ##

This file was extended by rtunnel-client config.status 1.0, which was
generated by GNU Autoconf 2.69.  Invocation command line was

  CONFIG_FILES    = 
  CONFIG_HEADERS  = 
  CONFIG_LINKS    = 
  CONFIG_COMMANDS = 
  $ ./config.status Makefile

on Jeremy-MacBook-Pro.local

config.status:785: creating Makefile

## ---------------------- ##
## Running config.status. ##
## ---------------------- ##

This file was extended by rtunnel-client config.status 1.0, which was
generated by GNU Autoconf 2.69.  Invocation command line was

  CONFIG_FILES    = 
  CONFIG_HEADERS  = 
  CONFIG_LINKS    = 
  CONFIG_COMMANDS = 
  $ ./config.status src/Makefile depfiles

on Jeremy-MacBook-Pro.local

config.status:785: creating src/Makefile
config.status:957: executing depfiles commands

## ---------------------- ##
## Running config.status. ##
## ---------------------- ##

This file was extended by rtunnel-client config.status 1.0, which was
generated by GNU Autoconf 2.69.  Invocation command line was

  CONFIG_FILES    = 
  CONFIG_HEADERS  = 
  CONFIG_LINKS    = 
  CONFIG_COMMANDS = 
  $ ./config.status Makefile

on Jeremy-MacBook-Pro.local

config.status:785: creating Makefile

## ---------------------- ##
## Running config.status. ##
## ---------------------- ##

This file was extended by rtunnel-client config.status 1.0, which was
generated by GNU Autoconf 2.69.  Invocation command line was

  CONFIG_FILES    = 
  CONFIG_HEADERS  = 
  CONFIG_LINKS    = 
  CONFIG_COMMANDS = 
  $ ./config.status src/Makefile depfiles

on Jeremy-MacBook-Pro.local

config.status:785: creating src/Makefile
config.status:957: executing depfiles commands

## ---------------------- ##
## Running config.status. ##
## ---------------------- ##

This file was extended by rtunnel-client config.status 1.0, which was
generated by GNU Autoconf 2.69.  Invocation command line was

  CONFIG_FILES    = 
  CONFIG_HEADERS  = 
  CONFIG_LINKS    = 
  CONFIG_COMMANDS = 
  $ ./config.status Makefile

on Jeremy-MacBook-Pro.local

config.status:785: creating Makefile

## ---------------------- ##
## Running config.status. ##
## ---------------------- ##

This file was extended by rtunnel-client config.status 1.0, which was
generated by GNU Autoconf 2.69.  Invocation command line was

  CONFIG_FILES    = 
  CONFIG_HEADERS  = 
  CONFIG_LINKS    = 
  CONFIG_COMMANDS = 
  $ ./config.status src/Makefile depfiles

on Jeremy-MacBook-Pro.local

config.status:785: creating src/Makefile
config.status:957: executing depfiles commands

## ---------------------- ##
## Running config.status. ##
## ---------------------- ##

This file was extended by rtunnel-client config.status 1.0, which was
generated by GNU Autoconf 2.69.  Invocation command line was

  CONFIG_FILES    = 
  CONFIG_HEADERS  = 
  CONFIG_LINKS    = 
  CONFIG_COMMANDS = 
  $ ./config.status Makefile

on Jeremy-MacBook-Pro.local

config.status:785: creating Makefile

## ---------------------- ##
## Running config.status. ##
## ---------------------- ##

This file was extended by rtunnel-client config.status 1.0, which was
generated by GNU Autoconf 2.69.  Invocation command line was

  CONFIG_FILES    = 
  CONFIG_HEADERS  = 
  CONFIG_LINKS    = 
  CONFIG_COMMANDS = 
  $ ./config.status src/Makefile depfiles

on Jeremy-MacBook-Pro.local

config.status:785: creating src/Makefile
config.status:957: executing depfiles commands

## ---------------------- ##
## Running config.status. ##
## ---------------------- ##

This file was extended by rtunnel-client config.status 1.0, which was
generated by GNU Autoconf 2.69.  Invocation command line was

  CONFIG_FILES    = 
  CONFIG_HEADERS  = 
  CONFIG_LINKS    = 
  CONFIG_COMMANDS = 
  $ ./config.status Makefile

on Jeremy-MacBook-Pro.local

config.status:785: creating Makefile

## ---------------------- ##
## Running config.status. ##
## ---------------------- ##

This file was extended by rtunnel-client config.status 1.0, which was
generated by GNU Autoconf 2.69.  Invocation command line was

  CONFIG_FILES    = 
  CONFIG_HEADERS  = 
  CONFIG_LINKS    = 
  CONFIG_COMMANDS = 
  $ ./config.status src/Makefile depfiles

on Jeremy-MacBook-Pro.local

config.status:785: creating src/Makefile
config.status:957: executing depfiles commands

## ---------------------- ##
## Running config.status. ##
## ---------------------- ##

This file was extended by rtunnel-client config.status 1.0, which was
generated by GNU Autoconf 2.69.  Invocation command line was

  CONFIG_FILES    = 
  CONFIG_HEADERS  = 
  CONFIG_LINKS    = 
  CONFIG_COMMANDS = 
  $ ./config.status src/Makefile depfiles

on Jeremy-MacBook-Pro.local

config.status:785: creating src/Makefile
config.status:957: executing depfiles commands
